[DBUG] 2020/07/24 09:37 MVC dependencies of 'api.User':
[1] Dynamic binding: 'context.Context' for field 'Ctx context.Context'
[2] Static binding: '*api.Base' for field 'Base *api.Base'

[DBUG] 2020/07/24 09:37 MVC dependencies of 'api.Video':
[1] Static binding: '*api.Base' for field 'Base *api.Base'
[2] Dynamic binding: 'context.Context' for field 'Ctx context.Context'

[DBUG] 2020/07/24 09:37 MVC dependencies of 'api.Friend':
[1] Dynamic binding: 'context.Context' for field 'Ctx context.Context'
[2] Static binding: '*api.Base' for field 'Base *api.Base'

[DBUG] 2020/07/24 09:37 MVC dependencies of 'socket.Ws':
[1] Dynamic binding: 'context.Context' for field 'Ctx context.Context'
[2] Static binding: '*models.User' for field 'User *models.User'
[3] Dynamic binding: 'websocket.Connection' for field 'Conn websocket.Connection'
[4] Static binding: 'chan string' for field 'ExitChan chan string'
[5] Static binding: 'chan string' for field 'MsgErrChan chan string'

[DBUG] 2020/07/24 09:37 POST: /api/video/getIds -> api.Video.GetVideoIds() and 1 more
[DBUG] 2020/07/24 09:37 POST: /api/video/getInfo -> api.Video.GetVideoInfo() and 1 more
[DBUG] 2020/07/24 09:37 POST: /api/friend/getVideoInfo -> api.Friend.GetFriendVideo() and 2 more
[DBUG] 2020/07/24 09:37 POST: /socket.io/{any:path} -> github.com/kataras/iris/core/handlerconv.FromStd.func1() and 1 more
[DBUG] 2020/07/24 09:37 POST: /api/getUserInfo -> api.User.GetUserInfo() and 2 more
[DBUG] 2020/07/24 09:37 GET: /socket.io/{any:path} -> github.com/kataras/iris/core/handlerconv.FromStd.func1() and 1 more
[DBUG] 2020/07/24 09:37 GET: /websocket -> socket.Ws.Get() and 1 more
[DBUG] 2020/07/24 09:37 POST: /api/login -> api.User.Login() and 1 more
[DBUG] 2020/07/24 09:37 Application: running using 1 host(s)
[DBUG] 2020/07/24 09:37 Host: addr is :9090
[DBUG] 2020/07/24 09:37 Host: virtual host is localhost:9090
[DBUG] 2020/07/24 09:37 Host: register startup notifier
[DBUG] 2020/07/24 09:37 Host: register server shutdown on interrupt(CTRL+C/CMD+C)
[DBUG] 2020/07/24 09:37 Host: server will ignore the following errors: [http: Server closed]
Now listening on: http://localhost:9090
Application started. Press CMD+C to shut down.
[DBUG] 2020/07/24 09:42 MVC dependencies of 'api.User':
[1] Dynamic binding: 'context.Context' for field 'Ctx context.Context'
[2] Static binding: '*api.Base' for field 'Base *api.Base'

[DBUG] 2020/07/24 09:42 MVC dependencies of 'api.Video':
[1] Static binding: '*api.Base' for field 'Base *api.Base'
[2] Dynamic binding: 'context.Context' for field 'Ctx context.Context'

[DBUG] 2020/07/24 09:42 MVC dependencies of 'api.Friend':
[1] Dynamic binding: 'context.Context' for field 'Ctx context.Context'
[2] Static binding: '*api.Base' for field 'Base *api.Base'

[DBUG] 2020/07/24 09:42 MVC dependencies of 'socket.Ws':
[1] Dynamic binding: 'context.Context' for field 'Ctx context.Context'
[2] Static binding: '*models.User' for field 'User *models.User'
[3] Dynamic binding: 'websocket.Connection' for field 'Conn websocket.Connection'
[4] Static binding: 'chan string' for field 'ExitChan chan string'
[5] Static binding: 'chan string' for field 'MsgErrChan chan string'

[DBUG] 2020/07/24 09:42 POST: /api/video/getIds -> api.Video.GetVideoIds() and 1 more
[DBUG] 2020/07/24 09:42 POST: /api/video/getInfo -> api.Video.GetVideoInfo() and 1 more
[DBUG] 2020/07/24 09:42 POST: /api/friend/getVideoInfo -> api.Friend.GetFriendVideo() and 2 more
[DBUG] 2020/07/24 09:42 POST: /socket.io/{any:path} -> github.com/kataras/iris/core/handlerconv.FromStd.func1() and 1 more
[DBUG] 2020/07/24 09:42 POST: /api/getUserInfo -> api.User.GetUserInfo() and 2 more
[DBUG] 2020/07/24 09:42 GET: /socket.io/{any:path} -> github.com/kataras/iris/core/handlerconv.FromStd.func1() and 1 more
[DBUG] 2020/07/24 09:42 GET: /websocket -> socket.Ws.Get() and 1 more
[DBUG] 2020/07/24 09:42 POST: /api/login -> api.User.Login() and 1 more
[DBUG] 2020/07/24 09:42 Application: running using 1 host(s)
[DBUG] 2020/07/24 09:42 Host: addr is :9090
[DBUG] 2020/07/24 09:42 Host: virtual host is localhost:9090
[DBUG] 2020/07/24 09:42 Host: register startup notifier
[DBUG] 2020/07/24 09:42 Host: register server shutdown on interrupt(CTRL+C/CMD+C)
[DBUG] 2020/07/24 09:42 Host: server will ignore the following errors: [http: Server closed]
Now listening on: http://localhost:9090
Application started. Press CMD+C to shut down.
[DBUG] 2020/07/24 09:52 MVC dependencies of 'api.User':
[1] Dynamic binding: 'context.Context' for field 'Ctx context.Context'
[2] Static binding: '*api.Base' for field 'Base *api.Base'

[DBUG] 2020/07/24 09:52 MVC dependencies of 'api.Video':
[1] Static binding: '*api.Base' for field 'Base *api.Base'
[2] Dynamic binding: 'context.Context' for field 'Ctx context.Context'

[DBUG] 2020/07/24 09:52 MVC dependencies of 'api.Friend':
[1] Dynamic binding: 'context.Context' for field 'Ctx context.Context'
[2] Static binding: '*api.Base' for field 'Base *api.Base'

[DBUG] 2020/07/24 09:52 MVC dependencies of 'socket.Ws':
[1] Dynamic binding: 'context.Context' for field 'Ctx context.Context'
[2] Static binding: '*models.User' for field 'User *models.User'
[3] Dynamic binding: 'websocket.Connection' for field 'Conn websocket.Connection'
[4] Static binding: 'chan string' for field 'ExitChan chan string'
[5] Static binding: 'chan string' for field 'MsgErrChan chan string'

[DBUG] 2020/07/24 09:52 POST: /api/video/getIds -> api.Video.GetVideoIds() and 1 more
[DBUG] 2020/07/24 09:52 POST: /api/video/getInfo -> api.Video.GetVideoInfo() and 1 more
[DBUG] 2020/07/24 09:52 POST: /api/friend/getVideoInfo -> api.Friend.GetFriendVideo() and 2 more
[DBUG] 2020/07/24 09:52 POST: /socket.io/{any:path} -> github.com/kataras/iris/core/handlerconv.FromStd.func1() and 1 more
[DBUG] 2020/07/24 09:52 POST: /api/getUserInfo -> api.User.GetUserInfo() and 2 more
[DBUG] 2020/07/24 09:52 GET: /socket.io/{any:path} -> github.com/kataras/iris/core/handlerconv.FromStd.func1() and 1 more
[DBUG] 2020/07/24 09:52 GET: /websocket -> socket.Ws.Get() and 1 more
[DBUG] 2020/07/24 09:52 POST: /api/login -> api.User.Login() and 1 more
[DBUG] 2020/07/24 09:52 Application: running using 1 host(s)
[DBUG] 2020/07/24 09:52 Host: addr is :9090
[DBUG] 2020/07/24 09:52 Host: virtual host is localhost:9090
[DBUG] 2020/07/24 09:52 Host: register startup notifier
[DBUG] 2020/07/24 09:52 Host: register server shutdown on interrupt(CTRL+C/CMD+C)
[DBUG] 2020/07/24 09:52 Host: server will ignore the following errors: [http: Server closed]
Now listening on: http://localhost:9090
Application started. Press CMD+C to shut down.
[DBUG] 2020/07/24 09:56 MVC dependencies of 'api.User':
[1] Dynamic binding: 'context.Context' for field 'Ctx context.Context'
[2] Static binding: '*api.Base' for field 'Base *api.Base'

[DBUG] 2020/07/24 09:56 MVC dependencies of 'api.Video':
[1] Static binding: '*api.Base' for field 'Base *api.Base'
[2] Dynamic binding: 'context.Context' for field 'Ctx context.Context'

[DBUG] 2020/07/24 09:56 MVC dependencies of 'api.Friend':
[1] Dynamic binding: 'context.Context' for field 'Ctx context.Context'
[2] Static binding: '*api.Base' for field 'Base *api.Base'

[DBUG] 2020/07/24 09:56 MVC dependencies of 'socket.Ws':
[1] Dynamic binding: 'context.Context' for field 'Ctx context.Context'
[2] Static binding: '*models.User' for field 'User *models.User'
[3] Dynamic binding: 'websocket.Connection' for field 'Conn websocket.Connection'
[4] Static binding: 'chan string' for field 'ExitChan chan string'
[5] Static binding: 'chan string' for field 'MsgErrChan chan string'

[DBUG] 2020/07/24 09:56 POST: /api/video/getIds -> api.Video.GetVideoIds() and 1 more
[DBUG] 2020/07/24 09:56 POST: /api/video/getInfo -> api.Video.GetVideoInfo() and 1 more
[DBUG] 2020/07/24 09:56 POST: /api/friend/getVideoInfo -> api.Friend.GetFriendVideo() and 2 more
[DBUG] 2020/07/24 09:56 POST: /socket.io/{any:path} -> github.com/kataras/iris/core/handlerconv.FromStd.func1() and 1 more
[DBUG] 2020/07/24 09:56 POST: /api/getUserInfo -> api.User.GetUserInfo() and 2 more
[DBUG] 2020/07/24 09:56 GET: /socket.io/{any:path} -> github.com/kataras/iris/core/handlerconv.FromStd.func1() and 1 more
[DBUG] 2020/07/24 09:56 GET: /websocket -> socket.Ws.Get() and 1 more
[DBUG] 2020/07/24 09:56 POST: /api/login -> api.User.Login() and 1 more
[DBUG] 2020/07/24 09:56 Application: running using 1 host(s)
[DBUG] 2020/07/24 09:56 Host: addr is :9090
[DBUG] 2020/07/24 09:56 Host: virtual host is localhost:9090
[DBUG] 2020/07/24 09:56 Host: register startup notifier
[DBUG] 2020/07/24 09:56 Host: register server shutdown on interrupt(CTRL+C/CMD+C)
[DBUG] 2020/07/24 09:56 Host: server will ignore the following errors: [http: Server closed]
Now listening on: http://localhost:9090
Application started. Press CMD+C to shut down.
[DBUG] 2020/07/24 09:56 MVC dependencies of 'api.User':
[1] Dynamic binding: 'context.Context' for field 'Ctx context.Context'
[2] Static binding: '*api.Base' for field 'Base *api.Base'

[DBUG] 2020/07/24 09:56 MVC dependencies of 'api.Video':
[1] Static binding: '*api.Base' for field 'Base *api.Base'
[2] Dynamic binding: 'context.Context' for field 'Ctx context.Context'

[DBUG] 2020/07/24 09:56 MVC dependencies of 'api.Friend':
[1] Dynamic binding: 'context.Context' for field 'Ctx context.Context'
[2] Static binding: '*api.Base' for field 'Base *api.Base'

[DBUG] 2020/07/24 09:56 MVC dependencies of 'socket.Ws':
[1] Dynamic binding: 'context.Context' for field 'Ctx context.Context'
[2] Static binding: '*models.User' for field 'User *models.User'
[3] Dynamic binding: 'websocket.Connection' for field 'Conn websocket.Connection'
[4] Static binding: 'chan string' for field 'ExitChan chan string'
[5] Static binding: 'chan string' for field 'MsgErrChan chan string'

[DBUG] 2020/07/24 09:56 POST: /api/video/getIds -> api.Video.GetVideoIds() and 1 more
[DBUG] 2020/07/24 09:56 POST: /api/video/getInfo -> api.Video.GetVideoInfo() and 1 more
[DBUG] 2020/07/24 09:56 POST: /api/friend/getVideoInfo -> api.Friend.GetFriendVideo() and 2 more
[DBUG] 2020/07/24 09:56 POST: /socket.io/{any:path} -> github.com/kataras/iris/core/handlerconv.FromStd.func1() and 1 more
[DBUG] 2020/07/24 09:56 POST: /api/getUserInfo -> api.User.GetUserInfo() and 2 more
[DBUG] 2020/07/24 09:56 GET: /socket.io/{any:path} -> github.com/kataras/iris/core/handlerconv.FromStd.func1() and 1 more
[DBUG] 2020/07/24 09:56 GET: /websocket -> socket.Ws.Get() and 1 more
[DBUG] 2020/07/24 09:56 POST: /api/login -> api.User.Login() and 1 more
[DBUG] 2020/07/24 09:56 Application: running using 1 host(s)
[DBUG] 2020/07/24 09:56 Host: addr is :9090
[DBUG] 2020/07/24 09:56 Host: virtual host is localhost:9090
[DBUG] 2020/07/24 09:56 Host: register startup notifier
[DBUG] 2020/07/24 09:56 Host: register server shutdown on interrupt(CTRL+C/CMD+C)
[DBUG] 2020/07/24 09:56 Host: server will ignore the following errors: [http: Server closed]
Now listening on: http://localhost:9090
Application started. Press CMD+C to shut down.
[DBUG] 2020/07/24 10:02 MVC dependencies of 'api.User':
[1] Dynamic binding: 'context.Context' for field 'Ctx context.Context'
[2] Static binding: '*api.Base' for field 'Base *api.Base'

[DBUG] 2020/07/24 10:02 MVC dependencies of 'api.Video':
[1] Static binding: '*api.Base' for field 'Base *api.Base'
[2] Dynamic binding: 'context.Context' for field 'Ctx context.Context'

[DBUG] 2020/07/24 10:02 MVC dependencies of 'api.Friend':
[1] Dynamic binding: 'context.Context' for field 'Ctx context.Context'
[2] Static binding: '*api.Base' for field 'Base *api.Base'

[DBUG] 2020/07/24 10:02 MVC dependencies of 'socket.Ws':
[1] Dynamic binding: 'context.Context' for field 'Ctx context.Context'
[2] Static binding: '*models.User' for field 'User *models.User'
[3] Dynamic binding: 'websocket.Connection' for field 'Conn websocket.Connection'
[4] Static binding: 'chan string' for field 'ExitChan chan string'
[5] Static binding: 'chan string' for field 'MsgErrChan chan string'

[DBUG] 2020/07/24 10:02 POST: /api/video/getIds -> api.Video.GetVideoIds() and 1 more
[DBUG] 2020/07/24 10:02 POST: /api/video/getInfo -> api.Video.GetVideoInfo() and 1 more
[DBUG] 2020/07/24 10:02 POST: /api/friend/getVideoInfo -> api.Friend.GetFriendVideo() and 2 more
[DBUG] 2020/07/24 10:02 POST: /socket.io/{any:path} -> github.com/kataras/iris/core/handlerconv.FromStd.func1() and 1 more
[DBUG] 2020/07/24 10:02 POST: /api/getUserInfo -> api.User.GetUserInfo() and 2 more
[DBUG] 2020/07/24 10:02 GET: /socket.io/{any:path} -> github.com/kataras/iris/core/handlerconv.FromStd.func1() and 1 more
[DBUG] 2020/07/24 10:02 GET: /websocket -> socket.Ws.Get() and 1 more
[DBUG] 2020/07/24 10:02 POST: /api/login -> api.User.Login() and 1 more
[DBUG] 2020/07/24 10:02 Application: running using 1 host(s)
[DBUG] 2020/07/24 10:02 Host: addr is :9090
[DBUG] 2020/07/24 10:02 Host: virtual host is localhost:9090
[DBUG] 2020/07/24 10:02 Host: register startup notifier
[DBUG] 2020/07/24 10:02 Host: register server shutdown on interrupt(CTRL+C/CMD+C)
[DBUG] 2020/07/24 10:02 Host: server will ignore the following errors: [http: Server closed]
Now listening on: http://localhost:9090
Application started. Press CMD+C to shut down.
[DBUG] 2020/07/24 10:04 MVC dependencies of 'api.User':
[1] Dynamic binding: 'context.Context' for field 'Ctx context.Context'
[2] Static binding: '*api.Base' for field 'Base *api.Base'

[DBUG] 2020/07/24 10:04 MVC dependencies of 'api.Video':
[1] Static binding: '*api.Base' for field 'Base *api.Base'
[2] Dynamic binding: 'context.Context' for field 'Ctx context.Context'

[DBUG] 2020/07/24 10:04 MVC dependencies of 'api.Friend':
[1] Dynamic binding: 'context.Context' for field 'Ctx context.Context'
[2] Static binding: '*api.Base' for field 'Base *api.Base'

[DBUG] 2020/07/24 10:04 MVC dependencies of 'socket.Ws':
[1] Dynamic binding: 'context.Context' for field 'Ctx context.Context'
[2] Static binding: '*models.User' for field 'User *models.User'
[3] Dynamic binding: 'websocket.Connection' for field 'Conn websocket.Connection'
[4] Static binding: 'chan string' for field 'ExitChan chan string'
[5] Static binding: 'chan string' for field 'MsgErrChan chan string'

[DBUG] 2020/07/24 10:04 POST: /api/video/getIds -> api.Video.GetVideoIds() and 1 more
[DBUG] 2020/07/24 10:04 POST: /api/video/getInfo -> api.Video.GetVideoInfo() and 1 more
[DBUG] 2020/07/24 10:04 POST: /api/friend/getVideoInfo -> api.Friend.GetFriendVideo() and 2 more
[DBUG] 2020/07/24 10:04 POST: /socket.io/{any:path} -> github.com/kataras/iris/core/handlerconv.FromStd.func1() and 1 more
[DBUG] 2020/07/24 10:04 POST: /api/getUserInfo -> api.User.GetUserInfo() and 2 more
[DBUG] 2020/07/24 10:04 GET: /socket.io/{any:path} -> github.com/kataras/iris/core/handlerconv.FromStd.func1() and 1 more
[DBUG] 2020/07/24 10:04 GET: /websocket -> socket.Ws.Get() and 1 more
[DBUG] 2020/07/24 10:04 POST: /api/login -> api.User.Login() and 1 more
[DBUG] 2020/07/24 10:04 Application: running using 1 host(s)
[DBUG] 2020/07/24 10:04 Host: addr is :9090
[DBUG] 2020/07/24 10:04 Host: virtual host is localhost:9090
[DBUG] 2020/07/24 10:04 Host: register startup notifier
[DBUG] 2020/07/24 10:04 Host: register server shutdown on interrupt(CTRL+C/CMD+C)
[DBUG] 2020/07/24 10:04 Host: server will ignore the following errors: [http: Server closed]
Now listening on: http://localhost:9090
Application started. Press CMD+C to shut down.
[DBUG] 2020/07/24 10:05 MVC dependencies of 'api.User':
[1] Dynamic binding: 'context.Context' for field 'Ctx context.Context'
[2] Static binding: '*api.Base' for field 'Base *api.Base'

[DBUG] 2020/07/24 10:05 MVC dependencies of 'api.Video':
[1] Static binding: '*api.Base' for field 'Base *api.Base'
[2] Dynamic binding: 'context.Context' for field 'Ctx context.Context'

[DBUG] 2020/07/24 10:05 MVC dependencies of 'api.Friend':
[1] Dynamic binding: 'context.Context' for field 'Ctx context.Context'
[2] Static binding: '*api.Base' for field 'Base *api.Base'

[DBUG] 2020/07/24 10:05 MVC dependencies of 'socket.Ws':
[1] Dynamic binding: 'context.Context' for field 'Ctx context.Context'
[2] Static binding: '*models.User' for field 'User *models.User'
[3] Dynamic binding: 'websocket.Connection' for field 'Conn websocket.Connection'
[4] Static binding: 'chan string' for field 'ExitChan chan string'
[5] Static binding: 'chan string' for field 'MsgErrChan chan string'

[DBUG] 2020/07/24 10:05 POST: /api/video/getIds -> api.Video.GetVideoIds() and 1 more
[DBUG] 2020/07/24 10:05 POST: /api/video/getInfo -> api.Video.GetVideoInfo() and 1 more
[DBUG] 2020/07/24 10:05 POST: /api/friend/getVideoInfo -> api.Friend.GetFriendVideo() and 2 more
[DBUG] 2020/07/24 10:05 POST: /socket.io/{any:path} -> github.com/kataras/iris/core/handlerconv.FromStd.func1() and 1 more
[DBUG] 2020/07/24 10:05 POST: /api/getUserInfo -> api.User.GetUserInfo() and 2 more
[DBUG] 2020/07/24 10:05 GET: /socket.io/{any:path} -> github.com/kataras/iris/core/handlerconv.FromStd.func1() and 1 more
[DBUG] 2020/07/24 10:05 GET: /websocket -> socket.Ws.Get() and 1 more
[DBUG] 2020/07/24 10:05 POST: /api/login -> api.User.Login() and 1 more
[DBUG] 2020/07/24 10:05 Application: running using 1 host(s)
[DBUG] 2020/07/24 10:05 Host: addr is :9090
[DBUG] 2020/07/24 10:05 Host: virtual host is localhost:9090
[DBUG] 2020/07/24 10:05 Host: register startup notifier
[DBUG] 2020/07/24 10:05 Host: register server shutdown on interrupt(CTRL+C/CMD+C)
[DBUG] 2020/07/24 10:05 Host: server will ignore the following errors: [http: Server closed]
Now listening on: http://localhost:9090
Application started. Press CMD+C to shut down.
[DBUG] 2020/07/24 10:07 MVC dependencies of 'api.User':
[1] Dynamic binding: 'context.Context' for field 'Ctx context.Context'
[2] Static binding: '*api.Base' for field 'Base *api.Base'

[DBUG] 2020/07/24 10:07 MVC dependencies of 'api.Video':
[1] Static binding: '*api.Base' for field 'Base *api.Base'
[2] Dynamic binding: 'context.Context' for field 'Ctx context.Context'

[DBUG] 2020/07/24 10:07 MVC dependencies of 'api.Friend':
[1] Dynamic binding: 'context.Context' for field 'Ctx context.Context'
[2] Static binding: '*api.Base' for field 'Base *api.Base'

[DBUG] 2020/07/24 10:07 MVC dependencies of 'socket.Ws':
[1] Dynamic binding: 'context.Context' for field 'Ctx context.Context'
[2] Static binding: '*models.User' for field 'User *models.User'
[3] Dynamic binding: 'websocket.Connection' for field 'Conn websocket.Connection'
[4] Static binding: 'chan string' for field 'ExitChan chan string'
[5] Static binding: 'chan string' for field 'MsgErrChan chan string'

[DBUG] 2020/07/24 10:07 POST: /api/video/getIds -> api.Video.GetVideoIds() and 1 more
[DBUG] 2020/07/24 10:07 POST: /api/video/getInfo -> api.Video.GetVideoInfo() and 1 more
[DBUG] 2020/07/24 10:07 POST: /api/friend/getVideoInfo -> api.Friend.GetFriendVideo() and 2 more
[DBUG] 2020/07/24 10:07 POST: /socket.io/{any:path} -> github.com/kataras/iris/core/handlerconv.FromStd.func1() and 1 more
[DBUG] 2020/07/24 10:07 POST: /api/getUserInfo -> api.User.GetUserInfo() and 2 more
[DBUG] 2020/07/24 10:07 GET: /socket.io/{any:path} -> github.com/kataras/iris/core/handlerconv.FromStd.func1() and 1 more
[DBUG] 2020/07/24 10:07 GET: /websocket -> socket.Ws.Get() and 1 more
[DBUG] 2020/07/24 10:07 POST: /api/login -> api.User.Login() and 1 more
[DBUG] 2020/07/24 10:07 Application: running using 1 host(s)
[DBUG] 2020/07/24 10:07 Host: addr is :9090
[DBUG] 2020/07/24 10:07 Host: virtual host is localhost:9090
[DBUG] 2020/07/24 10:07 Host: register startup notifier
[DBUG] 2020/07/24 10:07 Host: register server shutdown on interrupt(CTRL+C/CMD+C)
[DBUG] 2020/07/24 10:07 Host: server will ignore the following errors: [http: Server closed]
Now listening on: http://localhost:9090
Application started. Press CMD+C to shut down.
[DBUG] 2020/07/24 10:07 MVC dependencies of 'api.User':
[1] Dynamic binding: 'context.Context' for field 'Ctx context.Context'
[2] Static binding: '*api.Base' for field 'Base *api.Base'

[DBUG] 2020/07/24 10:07 MVC dependencies of 'api.Video':
[1] Static binding: '*api.Base' for field 'Base *api.Base'
[2] Dynamic binding: 'context.Context' for field 'Ctx context.Context'

[DBUG] 2020/07/24 10:07 MVC dependencies of 'api.Friend':
[1] Dynamic binding: 'context.Context' for field 'Ctx context.Context'
[2] Static binding: '*api.Base' for field 'Base *api.Base'

[DBUG] 2020/07/24 10:07 MVC dependencies of 'socket.Ws':
[1] Dynamic binding: 'context.Context' for field 'Ctx context.Context'
[2] Static binding: '*models.User' for field 'User *models.User'
[3] Dynamic binding: 'websocket.Connection' for field 'Conn websocket.Connection'
[4] Static binding: 'chan string' for field 'ExitChan chan string'
[5] Static binding: 'chan string' for field 'MsgErrChan chan string'

[DBUG] 2020/07/24 10:07 POST: /api/video/getIds -> api.Video.GetVideoIds() and 1 more
[DBUG] 2020/07/24 10:07 POST: /api/video/getInfo -> api.Video.GetVideoInfo() and 1 more
[DBUG] 2020/07/24 10:07 POST: /api/friend/getVideoInfo -> api.Friend.GetFriendVideo() and 2 more
[DBUG] 2020/07/24 10:07 POST: /socket.io/{any:path} -> github.com/kataras/iris/core/handlerconv.FromStd.func1() and 1 more
[DBUG] 2020/07/24 10:07 POST: /api/getUserInfo -> api.User.GetUserInfo() and 2 more
[DBUG] 2020/07/24 10:07 GET: /socket.io/{any:path} -> github.com/kataras/iris/core/handlerconv.FromStd.func1() and 1 more
[DBUG] 2020/07/24 10:07 GET: /websocket -> socket.Ws.Get() and 1 more
[DBUG] 2020/07/24 10:07 POST: /api/login -> api.User.Login() and 1 more
[DBUG] 2020/07/24 10:07 Application: running using 1 host(s)
[DBUG] 2020/07/24 10:07 Host: addr is :9090
[DBUG] 2020/07/24 10:07 Host: virtual host is localhost:9090
[DBUG] 2020/07/24 10:07 Host: register startup notifier
[DBUG] 2020/07/24 10:07 Host: register server shutdown on interrupt(CTRL+C/CMD+C)
[DBUG] 2020/07/24 10:07 Host: server will ignore the following errors: [http: Server closed]
Now listening on: http://localhost:9090
Application started. Press CMD+C to shut down.
[DBUG] 2020/07/24 10:09 MVC dependencies of 'api.User':
[1] Dynamic binding: 'context.Context' for field 'Ctx context.Context'
[2] Static binding: '*api.Base' for field 'Base *api.Base'

[DBUG] 2020/07/24 10:09 MVC dependencies of 'api.Video':
[1] Static binding: '*api.Base' for field 'Base *api.Base'
[2] Dynamic binding: 'context.Context' for field 'Ctx context.Context'

[DBUG] 2020/07/24 10:09 MVC dependencies of 'api.Friend':
[1] Dynamic binding: 'context.Context' for field 'Ctx context.Context'
[2] Static binding: '*api.Base' for field 'Base *api.Base'

[DBUG] 2020/07/24 10:09 MVC dependencies of 'socket.Ws':
[1] Dynamic binding: 'context.Context' for field 'Ctx context.Context'
[2] Static binding: '*models.User' for field 'User *models.User'
[3] Dynamic binding: 'websocket.Connection' for field 'Conn websocket.Connection'
[4] Static binding: 'chan string' for field 'ExitChan chan string'
[5] Static binding: 'chan string' for field 'MsgErrChan chan string'

[DBUG] 2020/07/24 10:09 POST: /api/video/getIds -> api.Video.GetVideoIds() and 1 more
[DBUG] 2020/07/24 10:09 POST: /api/video/getInfo -> api.Video.GetVideoInfo() and 1 more
[DBUG] 2020/07/24 10:09 POST: /api/friend/getVideoInfo -> api.Friend.GetFriendVideo() and 2 more
[DBUG] 2020/07/24 10:09 POST: /socket.io/{any:path} -> github.com/kataras/iris/core/handlerconv.FromStd.func1() and 1 more
[DBUG] 2020/07/24 10:09 POST: /api/getUserInfo -> api.User.GetUserInfo() and 2 more
[DBUG] 2020/07/24 10:09 GET: /socket.io/{any:path} -> github.com/kataras/iris/core/handlerconv.FromStd.func1() and 1 more
[DBUG] 2020/07/24 10:09 GET: /websocket -> socket.Ws.Get() and 1 more
[DBUG] 2020/07/24 10:09 POST: /api/login -> api.User.Login() and 1 more
[DBUG] 2020/07/24 10:09 Application: running using 1 host(s)
[DBUG] 2020/07/24 10:09 Host: addr is :9090
[DBUG] 2020/07/24 10:09 Host: virtual host is localhost:9090
[DBUG] 2020/07/24 10:09 Host: register startup notifier
[DBUG] 2020/07/24 10:09 Host: register server shutdown on interrupt(CTRL+C/CMD+C)
[DBUG] 2020/07/24 10:09 Host: server will ignore the following errors: [http: Server closed]
Now listening on: http://localhost:9090
Application started. Press CMD+C to shut down.
[DBUG] 2020/07/24 10:11 MVC dependencies of 'api.User':
[1] Dynamic binding: 'context.Context' for field 'Ctx context.Context'
[2] Static binding: '*api.Base' for field 'Base *api.Base'

[DBUG] 2020/07/24 10:11 MVC dependencies of 'api.Video':
[1] Static binding: '*api.Base' for field 'Base *api.Base'
[2] Dynamic binding: 'context.Context' for field 'Ctx context.Context'

[DBUG] 2020/07/24 10:11 MVC dependencies of 'api.Friend':
[1] Dynamic binding: 'context.Context' for field 'Ctx context.Context'
[2] Static binding: '*api.Base' for field 'Base *api.Base'

[DBUG] 2020/07/24 10:11 MVC dependencies of 'socket.Ws':
[1] Dynamic binding: 'context.Context' for field 'Ctx context.Context'
[2] Static binding: '*models.User' for field 'User *models.User'
[3] Dynamic binding: 'websocket.Connection' for field 'Conn websocket.Connection'
[4] Static binding: 'chan string' for field 'ExitChan chan string'
[5] Static binding: 'chan string' for field 'MsgErrChan chan string'

[DBUG] 2020/07/24 10:11 POST: /api/video/getIds -> api.Video.GetVideoIds() and 1 more
[DBUG] 2020/07/24 10:11 POST: /api/video/getInfo -> api.Video.GetVideoInfo() and 1 more
[DBUG] 2020/07/24 10:11 POST: /api/friend/getVideoInfo -> api.Friend.GetFriendVideo() and 2 more
[DBUG] 2020/07/24 10:11 POST: /socket.io/{any:path} -> github.com/kataras/iris/core/handlerconv.FromStd.func1() and 1 more
[DBUG] 2020/07/24 10:11 POST: /api/getUserInfo -> api.User.GetUserInfo() and 2 more
[DBUG] 2020/07/24 10:11 GET: /socket.io/{any:path} -> github.com/kataras/iris/core/handlerconv.FromStd.func1() and 1 more
[DBUG] 2020/07/24 10:11 GET: /websocket -> socket.Ws.Get() and 1 more
[DBUG] 2020/07/24 10:11 POST: /api/login -> api.User.Login() and 1 more
[DBUG] 2020/07/24 10:11 Application: running using 1 host(s)
[DBUG] 2020/07/24 10:11 Host: addr is :9090
[DBUG] 2020/07/24 10:11 Host: virtual host is localhost:9090
[DBUG] 2020/07/24 10:11 Host: register startup notifier
[DBUG] 2020/07/24 10:11 Host: register server shutdown on interrupt(CTRL+C/CMD+C)
[DBUG] 2020/07/24 10:11 Host: server will ignore the following errors: [http: Server closed]
Now listening on: http://localhost:9090
Application started. Press CMD+C to shut down.
[DBUG] 2020/07/24 10:12 MVC dependencies of 'api.User':
[1] Dynamic binding: 'context.Context' for field 'Ctx context.Context'
[2] Static binding: '*api.Base' for field 'Base *api.Base'

[DBUG] 2020/07/24 10:12 MVC dependencies of 'api.Video':
[1] Static binding: '*api.Base' for field 'Base *api.Base'
[2] Dynamic binding: 'context.Context' for field 'Ctx context.Context'

[DBUG] 2020/07/24 10:12 MVC dependencies of 'api.Friend':
[1] Dynamic binding: 'context.Context' for field 'Ctx context.Context'
[2] Static binding: '*api.Base' for field 'Base *api.Base'

[DBUG] 2020/07/24 10:12 MVC dependencies of 'socket.Ws':
[1] Dynamic binding: 'context.Context' for field 'Ctx context.Context'
[2] Static binding: '*models.User' for field 'User *models.User'
[3] Dynamic binding: 'websocket.Connection' for field 'Conn websocket.Connection'
[4] Static binding: 'chan string' for field 'ExitChan chan string'
[5] Static binding: 'chan string' for field 'MsgErrChan chan string'

[DBUG] 2020/07/24 10:12 POST: /api/video/getIds -> api.Video.GetVideoIds() and 1 more
[DBUG] 2020/07/24 10:12 POST: /api/video/getInfo -> api.Video.GetVideoInfo() and 1 more
[DBUG] 2020/07/24 10:12 POST: /api/friend/getVideoInfo -> api.Friend.GetFriendVideo() and 2 more
[DBUG] 2020/07/24 10:12 POST: /socket.io/{any:path} -> github.com/kataras/iris/core/handlerconv.FromStd.func1() and 1 more
[DBUG] 2020/07/24 10:12 POST: /api/getUserInfo -> api.User.GetUserInfo() and 2 more
[DBUG] 2020/07/24 10:12 GET: /socket.io/{any:path} -> github.com/kataras/iris/core/handlerconv.FromStd.func1() and 1 more
[DBUG] 2020/07/24 10:12 GET: /websocket -> socket.Ws.Get() and 1 more
[DBUG] 2020/07/24 10:12 POST: /api/login -> api.User.Login() and 1 more
[DBUG] 2020/07/24 10:12 Application: running using 1 host(s)
[DBUG] 2020/07/24 10:12 Host: addr is :9090
[DBUG] 2020/07/24 10:12 Host: virtual host is localhost:9090
[DBUG] 2020/07/24 10:12 Host: register startup notifier
[DBUG] 2020/07/24 10:12 Host: register server shutdown on interrupt(CTRL+C/CMD+C)
[DBUG] 2020/07/24 10:12 Host: server will ignore the following errors: [http: Server closed]
Now listening on: http://localhost:9090
Application started. Press CMD+C to shut down.
[DBUG] 2020/07/24 10:13 MVC dependencies of 'api.User':
[1] Dynamic binding: 'context.Context' for field 'Ctx context.Context'
[2] Static binding: '*api.Base' for field 'Base *api.Base'

[DBUG] 2020/07/24 10:13 MVC dependencies of 'api.Video':
[1] Static binding: '*api.Base' for field 'Base *api.Base'
[2] Dynamic binding: 'context.Context' for field 'Ctx context.Context'

[DBUG] 2020/07/24 10:13 MVC dependencies of 'api.Friend':
[1] Dynamic binding: 'context.Context' for field 'Ctx context.Context'
[2] Static binding: '*api.Base' for field 'Base *api.Base'

[DBUG] 2020/07/24 10:13 MVC dependencies of 'socket.Ws':
[1] Dynamic binding: 'context.Context' for field 'Ctx context.Context'
[2] Static binding: '*models.User' for field 'User *models.User'
[3] Dynamic binding: 'websocket.Connection' for field 'Conn websocket.Connection'
[4] Static binding: 'chan string' for field 'ExitChan chan string'
[5] Static binding: 'chan string' for field 'MsgErrChan chan string'

[DBUG] 2020/07/24 10:13 POST: /api/video/getIds -> api.Video.GetVideoIds() and 1 more
[DBUG] 2020/07/24 10:13 POST: /api/video/getInfo -> api.Video.GetVideoInfo() and 1 more
[DBUG] 2020/07/24 10:13 POST: /api/friend/getVideoInfo -> api.Friend.GetFriendVideo() and 2 more
[DBUG] 2020/07/24 10:13 POST: /socket.io/{any:path} -> github.com/kataras/iris/core/handlerconv.FromStd.func1() and 1 more
[DBUG] 2020/07/24 10:13 POST: /api/getUserInfo -> api.User.GetUserInfo() and 2 more
[DBUG] 2020/07/24 10:13 GET: /socket.io/{any:path} -> github.com/kataras/iris/core/handlerconv.FromStd.func1() and 1 more
[DBUG] 2020/07/24 10:13 GET: /websocket -> socket.Ws.Get() and 1 more
[DBUG] 2020/07/24 10:13 POST: /api/login -> api.User.Login() and 1 more
[DBUG] 2020/07/24 10:13 Application: running using 1 host(s)
[DBUG] 2020/07/24 10:13 Host: addr is :9090
[DBUG] 2020/07/24 10:13 Host: virtual host is localhost:9090
[DBUG] 2020/07/24 10:13 Host: register startup notifier
[DBUG] 2020/07/24 10:13 Host: register server shutdown on interrupt(CTRL+C/CMD+C)
[DBUG] 2020/07/24 10:13 Host: server will ignore the following errors: [http: Server closed]
Now listening on: http://localhost:9090
Application started. Press CMD+C to shut down.
[DBUG] 2020/07/24 10:14 MVC dependencies of 'api.User':
[1] Dynamic binding: 'context.Context' for field 'Ctx context.Context'
[2] Static binding: '*api.Base' for field 'Base *api.Base'

[DBUG] 2020/07/24 10:14 MVC dependencies of 'api.Video':
[1] Static binding: '*api.Base' for field 'Base *api.Base'
[2] Dynamic binding: 'context.Context' for field 'Ctx context.Context'

[DBUG] 2020/07/24 10:14 MVC dependencies of 'api.Friend':
[1] Dynamic binding: 'context.Context' for field 'Ctx context.Context'
[2] Static binding: '*api.Base' for field 'Base *api.Base'

[DBUG] 2020/07/24 10:14 MVC dependencies of 'socket.Ws':
[1] Dynamic binding: 'context.Context' for field 'Ctx context.Context'
[2] Static binding: '*models.User' for field 'User *models.User'
[3] Dynamic binding: 'websocket.Connection' for field 'Conn websocket.Connection'
[4] Static binding: 'chan string' for field 'ExitChan chan string'
[5] Static binding: 'chan string' for field 'MsgErrChan chan string'

[DBUG] 2020/07/24 10:14 POST: /api/video/getIds -> api.Video.GetVideoIds() and 1 more
[DBUG] 2020/07/24 10:14 POST: /api/video/getInfo -> api.Video.GetVideoInfo() and 1 more
[DBUG] 2020/07/24 10:14 POST: /api/friend/getVideoInfo -> api.Friend.GetFriendVideo() and 2 more
[DBUG] 2020/07/24 10:14 POST: /socket.io/{any:path} -> github.com/kataras/iris/core/handlerconv.FromStd.func1() and 1 more
[DBUG] 2020/07/24 10:14 POST: /api/getUserInfo -> api.User.GetUserInfo() and 2 more
[DBUG] 2020/07/24 10:14 GET: /socket.io/{any:path} -> github.com/kataras/iris/core/handlerconv.FromStd.func1() and 1 more
[DBUG] 2020/07/24 10:14 GET: /websocket -> socket.Ws.Get() and 1 more
[DBUG] 2020/07/24 10:14 POST: /api/login -> api.User.Login() and 1 more
[DBUG] 2020/07/24 10:14 Application: running using 1 host(s)
[DBUG] 2020/07/24 10:14 Host: addr is :9090
[DBUG] 2020/07/24 10:14 Host: virtual host is localhost:9090
[DBUG] 2020/07/24 10:14 Host: register startup notifier
[DBUG] 2020/07/24 10:14 Host: register server shutdown on interrupt(CTRL+C/CMD+C)
[DBUG] 2020/07/24 10:14 Host: server will ignore the following errors: [http: Server closed]
Now listening on: http://localhost:9090
Application started. Press CMD+C to shut down.
[DBUG] 2020/07/24 10:14 MVC dependencies of 'api.User':
[1] Dynamic binding: 'context.Context' for field 'Ctx context.Context'
[2] Static binding: '*api.Base' for field 'Base *api.Base'

[DBUG] 2020/07/24 10:14 MVC dependencies of 'api.Video':
[1] Static binding: '*api.Base' for field 'Base *api.Base'
[2] Dynamic binding: 'context.Context' for field 'Ctx context.Context'

[DBUG] 2020/07/24 10:14 MVC dependencies of 'api.Friend':
[1] Dynamic binding: 'context.Context' for field 'Ctx context.Context'
[2] Static binding: '*api.Base' for field 'Base *api.Base'

[DBUG] 2020/07/24 10:14 MVC dependencies of 'socket.Ws':
[1] Dynamic binding: 'context.Context' for field 'Ctx context.Context'
[2] Static binding: '*models.User' for field 'User *models.User'
[3] Dynamic binding: 'websocket.Connection' for field 'Conn websocket.Connection'
[4] Static binding: 'chan string' for field 'ExitChan chan string'
[5] Static binding: 'chan string' for field 'MsgErrChan chan string'

[DBUG] 2020/07/24 10:14 POST: /api/video/getIds -> api.Video.GetVideoIds() and 1 more
[DBUG] 2020/07/24 10:14 POST: /api/video/getInfo -> api.Video.GetVideoInfo() and 1 more
[DBUG] 2020/07/24 10:14 POST: /api/friend/getVideoInfo -> api.Friend.GetFriendVideo() and 2 more
[DBUG] 2020/07/24 10:14 POST: /socket.io/{any:path} -> github.com/kataras/iris/core/handlerconv.FromStd.func1() and 1 more
[DBUG] 2020/07/24 10:14 POST: /api/getUserInfo -> api.User.GetUserInfo() and 2 more
[DBUG] 2020/07/24 10:14 GET: /socket.io/{any:path} -> github.com/kataras/iris/core/handlerconv.FromStd.func1() and 1 more
[DBUG] 2020/07/24 10:14 GET: /websocket -> socket.Ws.Get() and 1 more
[DBUG] 2020/07/24 10:14 POST: /api/login -> api.User.Login() and 1 more
[DBUG] 2020/07/24 10:14 Application: running using 1 host(s)
[DBUG] 2020/07/24 10:14 Host: addr is :9090
[DBUG] 2020/07/24 10:14 Host: virtual host is localhost:9090
[DBUG] 2020/07/24 10:14 Host: register startup notifier
[DBUG] 2020/07/24 10:14 Host: register server shutdown on interrupt(CTRL+C/CMD+C)
[DBUG] 2020/07/24 10:14 Host: server will ignore the following errors: [http: Server closed]
Now listening on: http://localhost:9090
Application started. Press CMD+C to shut down.
[DBUG] 2020/07/24 10:14 MVC dependencies of 'api.User':
[1] Dynamic binding: 'context.Context' for field 'Ctx context.Context'
[2] Static binding: '*api.Base' for field 'Base *api.Base'

[DBUG] 2020/07/24 10:14 MVC dependencies of 'api.Video':
[1] Static binding: '*api.Base' for field 'Base *api.Base'
[2] Dynamic binding: 'context.Context' for field 'Ctx context.Context'

[DBUG] 2020/07/24 10:14 MVC dependencies of 'api.Friend':
[1] Dynamic binding: 'context.Context' for field 'Ctx context.Context'
[2] Static binding: '*api.Base' for field 'Base *api.Base'

[DBUG] 2020/07/24 10:14 MVC dependencies of 'socket.Ws':
[1] Dynamic binding: 'context.Context' for field 'Ctx context.Context'
[2] Static binding: '*models.User' for field 'User *models.User'
[3] Dynamic binding: 'websocket.Connection' for field 'Conn websocket.Connection'
[4] Static binding: 'chan string' for field 'ExitChan chan string'
[5] Static binding: 'chan string' for field 'MsgErrChan chan string'

[DBUG] 2020/07/24 10:14 POST: /api/video/getIds -> api.Video.GetVideoIds() and 1 more
[DBUG] 2020/07/24 10:14 POST: /api/video/getInfo -> api.Video.GetVideoInfo() and 1 more
[DBUG] 2020/07/24 10:14 POST: /api/friend/getVideoInfo -> api.Friend.GetFriendVideo() and 2 more
[DBUG] 2020/07/24 10:14 POST: /socket.io/{any:path} -> github.com/kataras/iris/core/handlerconv.FromStd.func1() and 1 more
[DBUG] 2020/07/24 10:14 POST: /api/getUserInfo -> api.User.GetUserInfo() and 2 more
[DBUG] 2020/07/24 10:14 GET: /socket.io/{any:path} -> github.com/kataras/iris/core/handlerconv.FromStd.func1() and 1 more
[DBUG] 2020/07/24 10:14 GET: /websocket -> socket.Ws.Get() and 1 more
[DBUG] 2020/07/24 10:14 POST: /api/login -> api.User.Login() and 1 more
[DBUG] 2020/07/24 10:14 Application: running using 1 host(s)
[DBUG] 2020/07/24 10:14 Host: addr is :9090
[DBUG] 2020/07/24 10:14 Host: virtual host is localhost:9090
[DBUG] 2020/07/24 10:14 Host: register startup notifier
[DBUG] 2020/07/24 10:14 Host: register server shutdown on interrupt(CTRL+C/CMD+C)
[DBUG] 2020/07/24 10:14 Host: server will ignore the following errors: [http: Server closed]
Now listening on: http://localhost:9090
Application started. Press CMD+C to shut down.
[DBUG] 2020/07/24 10:15 MVC dependencies of 'api.User':
[1] Dynamic binding: 'context.Context' for field 'Ctx context.Context'
[2] Static binding: '*api.Base' for field 'Base *api.Base'

[DBUG] 2020/07/24 10:15 MVC dependencies of 'api.Video':
[1] Static binding: '*api.Base' for field 'Base *api.Base'
[2] Dynamic binding: 'context.Context' for field 'Ctx context.Context'

[DBUG] 2020/07/24 10:15 MVC dependencies of 'api.Friend':
[1] Dynamic binding: 'context.Context' for field 'Ctx context.Context'
[2] Static binding: '*api.Base' for field 'Base *api.Base'

[DBUG] 2020/07/24 10:15 MVC dependencies of 'socket.Ws':
[1] Dynamic binding: 'context.Context' for field 'Ctx context.Context'
[2] Static binding: '*models.User' for field 'User *models.User'
[3] Dynamic binding: 'websocket.Connection' for field 'Conn websocket.Connection'
[4] Static binding: 'chan string' for field 'ExitChan chan string'
[5] Static binding: 'chan string' for field 'MsgErrChan chan string'

[DBUG] 2020/07/24 10:15 POST: /api/video/getIds -> api.Video.GetVideoIds() and 1 more
[DBUG] 2020/07/24 10:15 POST: /api/video/getInfo -> api.Video.GetVideoInfo() and 1 more
[DBUG] 2020/07/24 10:15 POST: /api/friend/getVideoInfo -> api.Friend.GetFriendVideo() and 2 more
[DBUG] 2020/07/24 10:15 POST: /socket.io/{any:path} -> github.com/kataras/iris/core/handlerconv.FromStd.func1() and 1 more
[DBUG] 2020/07/24 10:15 POST: /api/getUserInfo -> api.User.GetUserInfo() and 2 more
[DBUG] 2020/07/24 10:15 GET: /socket.io/{any:path} -> github.com/kataras/iris/core/handlerconv.FromStd.func1() and 1 more
[DBUG] 2020/07/24 10:15 GET: /websocket -> socket.Ws.Get() and 1 more
[DBUG] 2020/07/24 10:15 POST: /api/login -> api.User.Login() and 1 more
[DBUG] 2020/07/24 10:15 Application: running using 1 host(s)
[DBUG] 2020/07/24 10:15 Host: addr is :9090
[DBUG] 2020/07/24 10:15 Host: virtual host is localhost:9090
[DBUG] 2020/07/24 10:15 Host: register startup notifier
[DBUG] 2020/07/24 10:15 Host: register server shutdown on interrupt(CTRL+C/CMD+C)
[DBUG] 2020/07/24 10:15 Host: server will ignore the following errors: [http: Server closed]
Now listening on: http://localhost:9090
Application started. Press CMD+C to shut down.
[DBUG] 2020/07/24 10:15 MVC dependencies of 'api.User':
[1] Dynamic binding: 'context.Context' for field 'Ctx context.Context'
[2] Static binding: '*api.Base' for field 'Base *api.Base'

[DBUG] 2020/07/24 10:15 MVC dependencies of 'api.Video':
[1] Static binding: '*api.Base' for field 'Base *api.Base'
[2] Dynamic binding: 'context.Context' for field 'Ctx context.Context'

[DBUG] 2020/07/24 10:15 MVC dependencies of 'api.Friend':
[1] Dynamic binding: 'context.Context' for field 'Ctx context.Context'
[2] Static binding: '*api.Base' for field 'Base *api.Base'

[DBUG] 2020/07/24 10:15 MVC dependencies of 'socket.Ws':
[1] Dynamic binding: 'context.Context' for field 'Ctx context.Context'
[2] Static binding: '*models.User' for field 'User *models.User'
[3] Dynamic binding: 'websocket.Connection' for field 'Conn websocket.Connection'
[4] Static binding: 'chan string' for field 'ExitChan chan string'
[5] Static binding: 'chan string' for field 'MsgErrChan chan string'

[DBUG] 2020/07/24 10:15 POST: /api/video/getIds -> api.Video.GetVideoIds() and 1 more
[DBUG] 2020/07/24 10:15 POST: /api/video/getInfo -> api.Video.GetVideoInfo() and 1 more
[DBUG] 2020/07/24 10:15 POST: /api/friend/getVideoInfo -> api.Friend.GetFriendVideo() and 2 more
[DBUG] 2020/07/24 10:15 POST: /socket.io/{any:path} -> github.com/kataras/iris/core/handlerconv.FromStd.func1() and 1 more
[DBUG] 2020/07/24 10:15 POST: /api/getUserInfo -> api.User.GetUserInfo() and 2 more
[DBUG] 2020/07/24 10:15 GET: /socket.io/{any:path} -> github.com/kataras/iris/core/handlerconv.FromStd.func1() and 1 more
[DBUG] 2020/07/24 10:15 GET: /websocket -> socket.Ws.Get() and 1 more
[DBUG] 2020/07/24 10:15 POST: /api/login -> api.User.Login() and 1 more
[DBUG] 2020/07/24 10:15 Application: running using 1 host(s)
[DBUG] 2020/07/24 10:15 Host: addr is :9090
[DBUG] 2020/07/24 10:15 Host: virtual host is localhost:9090
[DBUG] 2020/07/24 10:15 Host: register startup notifier
[DBUG] 2020/07/24 10:15 Host: register server shutdown on interrupt(CTRL+C/CMD+C)
[DBUG] 2020/07/24 10:15 Host: server will ignore the following errors: [http: Server closed]
Now listening on: http://localhost:9090
Application started. Press CMD+C to shut down.
[DBUG] 2020/07/24 10:16 MVC dependencies of 'api.User':
[1] Dynamic binding: 'context.Context' for field 'Ctx context.Context'
[2] Static binding: '*api.Base' for field 'Base *api.Base'

[DBUG] 2020/07/24 10:16 MVC dependencies of 'api.Video':
[1] Static binding: '*api.Base' for field 'Base *api.Base'
[2] Dynamic binding: 'context.Context' for field 'Ctx context.Context'

[DBUG] 2020/07/24 10:16 MVC dependencies of 'api.Friend':
[1] Dynamic binding: 'context.Context' for field 'Ctx context.Context'
[2] Static binding: '*api.Base' for field 'Base *api.Base'

[DBUG] 2020/07/24 10:16 MVC dependencies of 'socket.Ws':
[1] Dynamic binding: 'context.Context' for field 'Ctx context.Context'
[2] Static binding: '*models.User' for field 'User *models.User'
[3] Dynamic binding: 'websocket.Connection' for field 'Conn websocket.Connection'
[4] Static binding: 'chan string' for field 'ExitChan chan string'
[5] Static binding: 'chan string' for field 'MsgErrChan chan string'

[DBUG] 2020/07/24 10:16 POST: /api/video/getIds -> api.Video.GetVideoIds() and 1 more
[DBUG] 2020/07/24 10:16 POST: /api/video/getInfo -> api.Video.GetVideoInfo() and 1 more
[DBUG] 2020/07/24 10:16 POST: /api/friend/getVideoInfo -> api.Friend.GetFriendVideo() and 2 more
[DBUG] 2020/07/24 10:16 POST: /socket.io/{any:path} -> github.com/kataras/iris/core/handlerconv.FromStd.func1() and 1 more
[DBUG] 2020/07/24 10:16 POST: /api/getUserInfo -> api.User.GetUserInfo() and 2 more
[DBUG] 2020/07/24 10:16 GET: /socket.io/{any:path} -> github.com/kataras/iris/core/handlerconv.FromStd.func1() and 1 more
[DBUG] 2020/07/24 10:16 GET: /websocket -> socket.Ws.Get() and 1 more
[DBUG] 2020/07/24 10:16 POST: /api/login -> api.User.Login() and 1 more
[DBUG] 2020/07/24 10:16 Application: running using 1 host(s)
[DBUG] 2020/07/24 10:16 Host: addr is :9090
[DBUG] 2020/07/24 10:16 Host: virtual host is localhost:9090
[DBUG] 2020/07/24 10:16 Host: register startup notifier
[DBUG] 2020/07/24 10:16 Host: register server shutdown on interrupt(CTRL+C/CMD+C)
[DBUG] 2020/07/24 10:16 Host: server will ignore the following errors: [http: Server closed]
Now listening on: http://localhost:9090
Application started. Press CMD+C to shut down.
[DBUG] 2020/07/24 10:16 MVC dependencies of 'api.User':
[1] Dynamic binding: 'context.Context' for field 'Ctx context.Context'
[2] Static binding: '*api.Base' for field 'Base *api.Base'

[DBUG] 2020/07/24 10:16 MVC dependencies of 'api.Video':
[1] Static binding: '*api.Base' for field 'Base *api.Base'
[2] Dynamic binding: 'context.Context' for field 'Ctx context.Context'

[DBUG] 2020/07/24 10:16 MVC dependencies of 'api.Friend':
[1] Dynamic binding: 'context.Context' for field 'Ctx context.Context'
[2] Static binding: '*api.Base' for field 'Base *api.Base'

[DBUG] 2020/07/24 10:16 MVC dependencies of 'socket.Ws':
[1] Dynamic binding: 'context.Context' for field 'Ctx context.Context'
[2] Static binding: '*models.User' for field 'User *models.User'
[3] Dynamic binding: 'websocket.Connection' for field 'Conn websocket.Connection'
[4] Static binding: 'chan string' for field 'ExitChan chan string'
[5] Static binding: 'chan string' for field 'MsgErrChan chan string'

[DBUG] 2020/07/24 10:16 POST: /api/video/getIds -> api.Video.GetVideoIds() and 1 more
[DBUG] 2020/07/24 10:16 POST: /api/video/getInfo -> api.Video.GetVideoInfo() and 1 more
[DBUG] 2020/07/24 10:16 POST: /api/friend/getVideoInfo -> api.Friend.GetFriendVideo() and 2 more
[DBUG] 2020/07/24 10:16 POST: /socket.io/{any:path} -> github.com/kataras/iris/core/handlerconv.FromStd.func1() and 1 more
[DBUG] 2020/07/24 10:16 POST: /api/getUserInfo -> api.User.GetUserInfo() and 2 more
[DBUG] 2020/07/24 10:16 GET: /socket.io/{any:path} -> github.com/kataras/iris/core/handlerconv.FromStd.func1() and 1 more
[DBUG] 2020/07/24 10:16 GET: /websocket -> socket.Ws.Get() and 1 more
[DBUG] 2020/07/24 10:16 POST: /api/login -> api.User.Login() and 1 more
[DBUG] 2020/07/24 10:16 Application: running using 1 host(s)
[DBUG] 2020/07/24 10:16 Host: addr is :9090
[DBUG] 2020/07/24 10:16 Host: virtual host is localhost:9090
[DBUG] 2020/07/24 10:16 Host: register startup notifier
[DBUG] 2020/07/24 10:16 Host: register server shutdown on interrupt(CTRL+C/CMD+C)
[DBUG] 2020/07/24 10:16 Host: server will ignore the following errors: [http: Server closed]
Now listening on: http://localhost:9090
Application started. Press CMD+C to shut down.
[DBUG] 2020/07/24 10:16 MVC dependencies of 'api.User':
[1] Dynamic binding: 'context.Context' for field 'Ctx context.Context'
[2] Static binding: '*api.Base' for field 'Base *api.Base'

[DBUG] 2020/07/24 10:16 MVC dependencies of 'api.Video':
[1] Static binding: '*api.Base' for field 'Base *api.Base'
[2] Dynamic binding: 'context.Context' for field 'Ctx context.Context'

[DBUG] 2020/07/24 10:16 MVC dependencies of 'api.Friend':
[1] Dynamic binding: 'context.Context' for field 'Ctx context.Context'
[2] Static binding: '*api.Base' for field 'Base *api.Base'

[DBUG] 2020/07/24 10:16 MVC dependencies of 'socket.Ws':
[1] Dynamic binding: 'context.Context' for field 'Ctx context.Context'
[2] Static binding: '*models.User' for field 'User *models.User'
[3] Dynamic binding: 'websocket.Connection' for field 'Conn websocket.Connection'
[4] Static binding: 'chan string' for field 'ExitChan chan string'
[5] Static binding: 'chan string' for field 'MsgErrChan chan string'

[DBUG] 2020/07/24 10:16 POST: /api/video/getIds -> api.Video.GetVideoIds() and 1 more
[DBUG] 2020/07/24 10:16 POST: /api/video/getInfo -> api.Video.GetVideoInfo() and 1 more
[DBUG] 2020/07/24 10:16 POST: /api/friend/getVideoInfo -> api.Friend.GetFriendVideo() and 2 more
[DBUG] 2020/07/24 10:16 POST: /socket.io/{any:path} -> github.com/kataras/iris/core/handlerconv.FromStd.func1() and 1 more
[DBUG] 2020/07/24 10:16 POST: /api/getUserInfo -> api.User.GetUserInfo() and 2 more
[DBUG] 2020/07/24 10:16 GET: /socket.io/{any:path} -> github.com/kataras/iris/core/handlerconv.FromStd.func1() and 1 more
[DBUG] 2020/07/24 10:16 GET: /websocket -> socket.Ws.Get() and 1 more
[DBUG] 2020/07/24 10:16 POST: /api/login -> api.User.Login() and 1 more
[DBUG] 2020/07/24 10:16 Application: running using 1 host(s)
[DBUG] 2020/07/24 10:16 Host: addr is :9090
[DBUG] 2020/07/24 10:16 Host: virtual host is localhost:9090
[DBUG] 2020/07/24 10:16 Host: register startup notifier
[DBUG] 2020/07/24 10:16 Host: register server shutdown on interrupt(CTRL+C/CMD+C)
[DBUG] 2020/07/24 10:16 Host: server will ignore the following errors: [http: Server closed]
Now listening on: http://localhost:9090
Application started. Press CMD+C to shut down.
[DBUG] 2020/07/24 10:17 MVC dependencies of 'api.User':
[1] Dynamic binding: 'context.Context' for field 'Ctx context.Context'
[2] Static binding: '*api.Base' for field 'Base *api.Base'

[DBUG] 2020/07/24 10:17 MVC dependencies of 'api.Video':
[1] Static binding: '*api.Base' for field 'Base *api.Base'
[2] Dynamic binding: 'context.Context' for field 'Ctx context.Context'

[DBUG] 2020/07/24 10:17 MVC dependencies of 'api.Friend':
[1] Dynamic binding: 'context.Context' for field 'Ctx context.Context'
[2] Static binding: '*api.Base' for field 'Base *api.Base'

[DBUG] 2020/07/24 10:17 MVC dependencies of 'socket.Ws':
[1] Dynamic binding: 'context.Context' for field 'Ctx context.Context'
[2] Static binding: '*models.User' for field 'User *models.User'
[3] Dynamic binding: 'websocket.Connection' for field 'Conn websocket.Connection'
[4] Static binding: 'chan string' for field 'ExitChan chan string'
[5] Static binding: 'chan string' for field 'MsgErrChan chan string'

[DBUG] 2020/07/24 10:17 POST: /api/video/getIds -> api.Video.GetVideoIds() and 1 more
[DBUG] 2020/07/24 10:17 POST: /api/video/getInfo -> api.Video.GetVideoInfo() and 1 more
[DBUG] 2020/07/24 10:17 POST: /api/friend/getVideoInfo -> api.Friend.GetFriendVideo() and 2 more
[DBUG] 2020/07/24 10:17 POST: /socket.io/{any:path} -> github.com/kataras/iris/core/handlerconv.FromStd.func1() and 1 more
[DBUG] 2020/07/24 10:17 POST: /api/getUserInfo -> api.User.GetUserInfo() and 2 more
[DBUG] 2020/07/24 10:17 GET: /socket.io/{any:path} -> github.com/kataras/iris/core/handlerconv.FromStd.func1() and 1 more
[DBUG] 2020/07/24 10:17 GET: /websocket -> socket.Ws.Get() and 1 more
[DBUG] 2020/07/24 10:17 POST: /api/login -> api.User.Login() and 1 more
[DBUG] 2020/07/24 10:17 Application: running using 1 host(s)
[DBUG] 2020/07/24 10:17 Host: addr is :9090
[DBUG] 2020/07/24 10:17 Host: virtual host is localhost:9090
[DBUG] 2020/07/24 10:17 Host: register startup notifier
[DBUG] 2020/07/24 10:17 Host: register server shutdown on interrupt(CTRL+C/CMD+C)
[DBUG] 2020/07/24 10:17 Host: server will ignore the following errors: [http: Server closed]
Now listening on: http://localhost:9090
Application started. Press CMD+C to shut down.
[DBUG] 2020/07/24 10:17 MVC dependencies of 'api.User':
[1] Dynamic binding: 'context.Context' for field 'Ctx context.Context'
[2] Static binding: '*api.Base' for field 'Base *api.Base'

[DBUG] 2020/07/24 10:17 MVC dependencies of 'api.Video':
[1] Static binding: '*api.Base' for field 'Base *api.Base'
[2] Dynamic binding: 'context.Context' for field 'Ctx context.Context'

[DBUG] 2020/07/24 10:17 MVC dependencies of 'api.Friend':
[1] Dynamic binding: 'context.Context' for field 'Ctx context.Context'
[2] Static binding: '*api.Base' for field 'Base *api.Base'

[DBUG] 2020/07/24 10:17 MVC dependencies of 'socket.Ws':
[1] Dynamic binding: 'context.Context' for field 'Ctx context.Context'
[2] Static binding: '*models.User' for field 'User *models.User'
[3] Dynamic binding: 'websocket.Connection' for field 'Conn websocket.Connection'
[4] Static binding: 'chan string' for field 'ExitChan chan string'
[5] Static binding: 'chan string' for field 'MsgErrChan chan string'

[DBUG] 2020/07/24 10:17 POST: /api/video/getIds -> api.Video.GetVideoIds() and 1 more
[DBUG] 2020/07/24 10:17 POST: /api/video/getInfo -> api.Video.GetVideoInfo() and 1 more
[DBUG] 2020/07/24 10:17 POST: /api/friend/getVideoInfo -> api.Friend.GetFriendVideo() and 2 more
[DBUG] 2020/07/24 10:17 POST: /socket.io/{any:path} -> github.com/kataras/iris/core/handlerconv.FromStd.func1() and 1 more
[DBUG] 2020/07/24 10:17 POST: /api/getUserInfo -> api.User.GetUserInfo() and 2 more
[DBUG] 2020/07/24 10:17 GET: /socket.io/{any:path} -> github.com/kataras/iris/core/handlerconv.FromStd.func1() and 1 more
[DBUG] 2020/07/24 10:17 GET: /websocket -> socket.Ws.Get() and 1 more
[DBUG] 2020/07/24 10:17 POST: /api/login -> api.User.Login() and 1 more
[DBUG] 2020/07/24 10:17 Application: running using 1 host(s)
[DBUG] 2020/07/24 10:17 Host: addr is :9090
[DBUG] 2020/07/24 10:17 Host: virtual host is localhost:9090
[DBUG] 2020/07/24 10:17 Host: register startup notifier
[DBUG] 2020/07/24 10:17 Host: register server shutdown on interrupt(CTRL+C/CMD+C)
[DBUG] 2020/07/24 10:17 Host: server will ignore the following errors: [http: Server closed]
Now listening on: http://localhost:9090
Application started. Press CMD+C to shut down.
