/Users/macbookpro/go/src/ims/logs/logs.go:43: [[33m[2020-08-10 15:31:53][0m [35m[å¼€å§‹æ’å…¥æ•°æ®:2020-08-10 15:31:53.709324 +0800 CST m=+1.709013102,æ’å…¥æ•°æ®ç»“æ„ä¸º[es_video {"user_id":0,"title":"","desc":"","name":"","url":"","created":0,"updated":0} video.InsertData]][0m [31;1m [0m]
/Users/macbookpro/go/src/ims/logs/logs.go:43: [[33m[2020-08-10 15:32:11][0m [35m[å¼€å§‹æ’å…¥æ•°æ®:2020-08-10 15:32:11.708717 +0800 CST m=+0.118809233,æ’å…¥æ•°æ®ç»“æ„ä¸º[es_video {"user_id":0,"title":"","desc":"","name":"","url":"","created":0,"updated":0} video.InsertData]
][0m [31;1m [0m]
/Users/macbookpro/go/src/ims/logs/logs.go:43: [[33m[2020-08-10 15:33:12][0m [35m[å¼€å§‹æ’å…¥æ•°æ®:2020-08-10 83:33:12,æ’å…¥æ•°æ®ç»“æ„ä¸º[es_video {"user_id":0,"title":"","desc":"","name":"","url":"","created":0,"updated":0} video.InsertData]
][0m [31;1m [0m]
/Users/macbookpro/go/src/ims/logs/logs.go:43: [[33m[2020-08-10 15:33:12][0m [35m[ç»“æŸæ’å…¥æ•°æ®:2020-08-10 83:33:12,%!(EXTRA []interface {}=[es_video {"user_id":0,"title":"","desc":"","name":"","url":"","created":0,"updated":0} video.InsertData])][0m [31;1m [0m]
/Users/macbookpro/go/src/ims/logs/logs.go:41: [[33m[2020-08-10 15:34:12][0m [35m[æ’å…¥æ•°æ®ç»“æ„ä¸º[es_video {"user_id":0,"title":"","desc":"","name":"","url":"","created":0,"updated":0} video.InsertData]
][0m [31;1m [0m]
/Users/macbookpro/go/src/ims/logs/logs.go:41: [[33m[2020-08-10 15:34:12][0m [35m[ç»“æŸæ’å…¥æ•°æ®:[es_video {"user_id":0,"title":"","desc":"","name":"","url":"","created":0,"updated":0} video.InsertData]][0m [31;1m [0m]
/Users/macbookpro/go/src/ims/logs/logs.go:41: [[33m[2020-08-10 15:34:15][0m [35m[æ’å…¥æ•°æ®ç»“æ„ä¸º[es_video {"user_id":0,"title":"","desc":"","name":"","url":"","created":0,"updated":0} video.InsertData]
][0m [31;1m [0m]
/Users/macbookpro/go/src/ims/logs/logs.go:41: [[33m[2020-08-10 15:34:15][0m [35m[ç»“æŸæ’å…¥æ•°æ®:[es_video {"user_id":0,"title":"","desc":"","name":"","url":"","created":0,"updated":0} video.InsertData]][0m [31;1m [0m]
/Users/macbookpro/go/src/ims/logs/logs.go:43: [[33m[2020-08-10 15:34:24][0m [35m[æ’å…¥æ•°æ®ç»“æ„ä¸º[es_video {"user_id":0,"title":"","desc":"","name":"","url":"","created":0,"updated":0} video.InsertData]
][0m [31;1m [0m]
/Users/macbookpro/go/src/ims/logs/logs.go:43: [[33m[2020-08-10 15:34:24][0m [35m[ç»“æŸæ’å…¥æ•°æ®:[es_video {"user_id":0,"title":"","desc":"","name":"","url":"","created":0,"updated":0} video.InsertData]][0m [31;1m [0m]
/Users/macbookpro/go/src/ims/logs/logs.go:43: [[33m[2020-08-10 15:39:12][0m [35m[æ’å…¥æ•°æ®ç»“æ„ä¸º[es_video {"user_id":1,"title":"PHP_NB","desc":"ä¸–ç•Œä¸Šæœ€å¥½çš„è¯­è¨€","name":"php","url":"","created":1597045152,"updated":1597045152} video.InsertData]
][0m [31;1m [0m]
/Users/macbookpro/go/src/ims/logs/logs.go:43: [[33m[2020-08-10 15:39:12][0m [35m[ç»“æŸæ’å…¥æ•°æ®:[es_video {"user_id":1,"title":"PHP_NB","desc":"ä¸–ç•Œä¸Šæœ€å¥½çš„è¯­è¨€","name":"php","url":"","created":1597045152,"updated":1597045152} video.InsertData]][0m [31;1m [0m]
/Users/macbookpro/go/src/ims/logs/logs.go:43: [[33m[2020-08-10 15:39:58][0m [35m[æ’å…¥æ•°æ®ç»“æ„ä¸º[es_video {"user_id":1,"title":"Jave_NB","desc":"Jave_NB","name":"Jave","url":"","created":1597045198,"updated":1597045198} video.InsertData]
][0m [31;1m [0m]
/Users/macbookpro/go/src/ims/logs/logs.go:43: [[33m[2020-08-10 15:39:58][0m [35m[ç»“æŸæ’å…¥æ•°æ®:[es_video {"user_id":1,"title":"Jave_NB","desc":"Jave_NB","name":"Jave","url":"","created":1597045198,"updated":1597045198} video.InsertData]][0m [31;1m [0m]
/Users/macbookpro/go/src/ims/logs/logs.go:43: [[33m[2020-08-10 15:40:16][0m [35m[æ’å…¥æ•°æ®ç»“æ„ä¸º[es_video {"user_id":1,"title":"is_php","desc":"ä¸–ç•Œä¸Šæœ€å¥½çš„è¯­è¨€","name":"php","url":"","created":1597045216,"updated":1597045216} video.InsertData]
][0m [31;1m [0m]
/Users/macbookpro/go/src/ims/logs/logs.go:43: [[33m[2020-08-10 15:40:16][0m [35m[ç»“æŸæ’å…¥æ•°æ®:[es_video {"user_id":1,"title":"is_php","desc":"ä¸–ç•Œä¸Šæœ€å¥½çš„è¯­è¨€","name":"php","url":"","created":1597045216,"updated":1597045216} video.InsertData]][0m [31;1m [0m]
/Users/macbookpro/go/src/ims/logs/logs.go:43: [[33m[2020-08-10 15:40:24][0m [35m[æ’å…¥æ•°æ®ç»“æ„ä¸º[es_video {"user_id":1,"title":"in_php","desc":"ä¸–ç•Œä¸Šæœ€å¥½çš„è¯­è¨€","name":"php","url":"","created":1597045224,"updated":1597045224} video.InsertData]
][0m [31;1m [0m]
/Users/macbookpro/go/src/ims/logs/logs.go:43: [[33m[2020-08-10 15:40:24][0m [35m[ç»“æŸæ’å…¥æ•°æ®:[es_video {"user_id":1,"title":"in_php","desc":"ä¸–ç•Œä¸Šæœ€å¥½çš„è¯­è¨€","name":"php","url":"","created":1597045224,"updated":1597045224} video.InsertData]][0m [31;1m [0m]
/Users/macbookpro/go/src/ims/logs/logs.go:43: [[33m[2020-08-10 15:40:35][0m [35m[æ’å…¥æ•°æ®ç»“æ„ä¸º[es_video {"user_id":1,"title":"php_oko","desc":"ä¸–ç•Œä¸Šæœ€å¥½çš„è¯­è¨€","name":"php","url":"","created":1597045235,"updated":1597045235} video.InsertData]
][0m [31;1m [0m]
/Users/macbookpro/go/src/ims/logs/logs.go:43: [[33m[2020-08-10 15:40:35][0m [35m[ç»“æŸæ’å…¥æ•°æ®:[es_video {"user_id":1,"title":"php_oko","desc":"ä¸–ç•Œä¸Šæœ€å¥½çš„è¯­è¨€","name":"php","url":"","created":1597045235,"updated":1597045235} video.InsertData]][0m [31;1m [0m]
/Users/macbookpro/go/src/ims/logs/logs.go:43: [[33m[2020-08-10 15:40:45][0m [35m[æ’å…¥æ•°æ®ç»“æ„ä¸º[es_video {"user_id":1,"title":"golang ok","desc":"ä¸–ç•Œä¸Šæœ€å¥½çš„è¯­è¨€","name":"php","url":"","created":1597045245,"updated":1597045245} video.InsertData]
][0m [31;1m [0m]
/Users/macbookpro/go/src/ims/logs/logs.go:43: [[33m[2020-08-10 15:40:45][0m [35m[ç»“æŸæ’å…¥æ•°æ®:[es_video {"user_id":1,"title":"golang ok","desc":"ä¸–ç•Œä¸Šæœ€å¥½çš„è¯­è¨€","name":"php","url":"","created":1597045245,"updated":1597045245} video.InsertData]][0m [31;1m [0m]
/Users/macbookpro/go/src/ims/logs/logs.go:43: [[33m[2020-08-10 16:11:21][0m [35m[æ’å…¥æ•°æ®ç»“æ„ä¸º[es_video {"user_id":1,"title":"golang ok","desc":"ä¸–ç•Œä¸Šæœ€å¥½çš„è¯­è¨€","name":"php","url":"","created":1597047081,"updated":1597047081} video.InsertData]
][0m [31;1m [0m]
/Users/macbookpro/go/src/ims/logs/logs.go:43: [[33m[2020-08-10 16:11:21][0m [35m[ç»“æŸæ’å…¥æ•°æ®:[es_video {"user_id":1,"title":"golang ok","desc":"ä¸–ç•Œä¸Šæœ€å¥½çš„è¯­è¨€","name":"php","url":"","created":1597047081,"updated":1597047081} video.InsertData]][0m [31;1m [0m]
/Users/macbookpro/go/src/ims/logs/logs.go:43: [[33m[2020-08-10 16:11:27][0m [35m[æ’å…¥æ•°æ®ç»“æ„ä¸º[es_video {"user_id":1,"title":"golang ok","desc":"ä¸–ç•Œä¸Šæœ€å¥½çš„è¯­è¨€","name":"php","url":"","created":1597047087,"updated":1597047087} video.InsertData]
][0m [31;1m [0m]
/Users/macbookpro/go/src/ims/logs/logs.go:43: [[33m[2020-08-10 16:11:27][0m [35m[ç»“æŸæ’å…¥æ•°æ®:[es_video {"user_id":1,"title":"golang ok","desc":"ä¸–ç•Œä¸Šæœ€å¥½çš„è¯­è¨€","name":"php","url":"","created":1597047087,"updated":1597047087} video.InsertData]][0m [31;1m [0m]
/Users/macbookpro/go/src/ims/logs/logs.go:43: [[33m[2020-08-10 16:11:27][0m [35m[æ’å…¥æ•°æ®ç»“æ„ä¸º[es_video {"user_id":1,"title":"golang ok","desc":"ä¸–ç•Œä¸Šæœ€å¥½çš„è¯­è¨€","name":"php","url":"","created":1597047087,"updated":1597047087} video.InsertData]
][0m [31;1m [0m]
/Users/macbookpro/go/src/ims/logs/logs.go:43: [[33m[2020-08-10 16:11:27][0m [35m[ç»“æŸæ’å…¥æ•°æ®:[es_video {"user_id":1,"title":"golang ok","desc":"ä¸–ç•Œä¸Šæœ€å¥½çš„è¯­è¨€","name":"php","url":"","created":1597047087,"updated":1597047087} video.InsertData]][0m [31;1m [0m]
/Users/macbookpro/go/src/ims/logs/logs.go:43: [[33m[2020-08-10 16:11:27][0m [35m[æ’å…¥æ•°æ®ç»“æ„ä¸º[es_video {"user_id":1,"title":"golang ok","desc":"ä¸–ç•Œä¸Šæœ€å¥½çš„è¯­è¨€","name":"php","url":"","created":1597047087,"updated":1597047087} video.InsertData]
][0m [31;1m [0m]
/Users/macbookpro/go/src/ims/logs/logs.go:43: [[33m[2020-08-10 16:11:27][0m [35m[ç»“æŸæ’å…¥æ•°æ®:[es_video {"user_id":1,"title":"golang ok","desc":"ä¸–ç•Œä¸Šæœ€å¥½çš„è¯­è¨€","name":"php","url":"","created":1597047087,"updated":1597047087} video.InsertData]][0m [31;1m [0m]
/Users/macbookpro/go/src/ims/logs/logs.go:43: [[33m[2020-08-10 16:11:27][0m [35m[æ’å…¥æ•°æ®ç»“æ„ä¸º[es_video {"user_id":1,"title":"golang ok","desc":"ä¸–ç•Œä¸Šæœ€å¥½çš„è¯­è¨€","name":"php","url":"","created":1597047087,"updated":1597047087} video.InsertData]
][0m [31;1m [0m]
/Users/macbookpro/go/src/ims/logs/logs.go:43: [[33m[2020-08-10 16:11:27][0m [35m[ç»“æŸæ’å…¥æ•°æ®:[es_video {"user_id":1,"title":"golang ok","desc":"ä¸–ç•Œä¸Šæœ€å¥½çš„è¯­è¨€","name":"php","url":"","created":1597047087,"updated":1597047087} video.InsertData]][0m [31;1m [0m]
/Users/macbookpro/go/src/ims/logs/logs.go:43: [[33m[2020-08-10 16:11:28][0m [35m[æ’å…¥æ•°æ®ç»“æ„ä¸º[es_video {"user_id":1,"title":"golang ok","desc":"ä¸–ç•Œä¸Šæœ€å¥½çš„è¯­è¨€","name":"php","url":"","created":1597047088,"updated":1597047088} video.InsertData]
][0m [31;1m [0m]
/Users/macbookpro/go/src/ims/logs/logs.go:43: [[33m[2020-08-10 16:11:28][0m [35m[ç»“æŸæ’å…¥æ•°æ®:[es_video {"user_id":1,"title":"golang ok","desc":"ä¸–ç•Œä¸Šæœ€å¥½çš„è¯­è¨€","name":"php","url":"","created":1597047088,"updated":1597047088} video.InsertData]][0m [31;1m [0m]
/Users/macbookpro/go/src/ims/logs/logs.go:43: [[33m[2020-08-10 17:08:27][0m [35m[esè¿æ¥é”™è¯¯ï¼šhealth check timeout: no Elasticsearch node available][0m [31;1m [0m]
/Users/macbookpro/go/src/ims/logs/logs.go:43: [[33m[2020-08-10 17:08:41][0m [35m[esè¿æ¥é”™è¯¯ï¼šhealth check timeout: no Elasticsearch node available][0m [31;1m [0m]
/Users/macbookpro/go/src/ims/logs/logs.go:43: [[33m[2020-08-10 17:24:24][0m [35m[æ’å…¥æ•°æ®ç»“æ„ä¸º[es_video {"user_id":1,"title":"golang ok","desc":"ä¸–ç•Œä¸Šæœ€å¥½çš„è¯­è¨€","name":"php","url":"","created":1597051464,"updated":1597051464} video.InsertData]
][0m [31;1m [0m]
/Users/macbookpro/go/src/ims/logs/logs.go:43: [[33m[2020-08-10 17:24:25][0m [35m[ç»“æŸæ’å…¥æ•°æ®:[es_video {"user_id":1,"title":"golang ok","desc":"ä¸–ç•Œä¸Šæœ€å¥½çš„è¯­è¨€","name":"php","url":"","created":1597051464,"updated":1597051464} video.InsertData]][0m [31;1m [0m]
/Users/macbookpro/go/src/ims/logs/logs.go:43: [[33m[2020-08-10 17:24:47][0m [35m[æ’å…¥æ•°æ®ç»“æ„ä¸º[es_video {"user_id":1,"title":"phpNuasdasdgy ok","desc":"ä¸–ç•Œä¸Šæœ€å¥½çš„è¯­è¨€php ç‰›é€¼ å¥½çš„","name":"php","url":"","created":1597051487,"updated":1597051487} video.InsertData]
][0m [31;1m [0m]
/Users/macbookpro/go/src/ims/logs/logs.go:43: [[33m[2020-08-10 17:24:47][0m [35m[ç»“æŸæ’å…¥æ•°æ®:[es_video {"user_id":1,"title":"phpNuasdasdgy ok","desc":"ä¸–ç•Œä¸Šæœ€å¥½çš„è¯­è¨€php ç‰›é€¼ å¥½çš„","name":"php","url":"","created":1597051487,"updated":1597051487} video.InsertData]][0m [31;1m [0m]
